<?xml version="1.0" encoding="UTF-8"?>
<!-- Generated by org.testng.reporters.JUnitReportReporter -->
<testsuite hostname="IN-8STN763" failures="0" tests="1" name="driverImpactReport.Login" time="45.705" errors="0" timestamp="2024-08-22T15:15:38 IST" skipped="0">
  <testcase classname="driverImpactReport.Login" name="login" time="45.705"/>
  <system-out/>
</testsuite> <!-- driverImpactReport.Login -->
