<?xml version="1.0" encoding="UTF-8"?>
<!-- Generated by org.testng.reporters.JUnitReportReporter -->
<testsuite hostname="IN-8STN763" failures="0" tests="4" name="driverImpactReport.VivaDriverImpactReport" time="6.610" errors="0" timestamp="2024-12-04T16:03:44 IST" skipped="0">
  <testcase classname="driverImpactReport.VivaDriverImpactReport" name="Tc_01" time="1.351"/>
  <system-out/>
  <testcase classname="driverImpactReport.VivaDriverImpactReport" name="Tc_02" time="2.666"/>
  <system-out/>
  <testcase classname="driverImpactReport.VivaDriverImpactReport" name="Tc_03" time="0.417"/>
  <system-out/>
  <testcase classname="driverImpactReport.VivaDriverImpactReport" name="Tc_05" time="2.176"/>
  <system-out/>
</testsuite> <!-- driverImpactReport.VivaDriverImpactReport -->
